Using pre-set license
Built from '2021.1/staging' branch; Version is '2021.1.7f1 (d91830b65d9b) revision 14227504'; Using compiler version '192528614'; Build Type 'Release'
OS: 'Windows 10 Education; OS build 18363.1734; Version 1909; 64bit' Language: 'en' Physical Memory: 16333 MB
BatchMode: 1, IsHumanControllingUs: 0, StartBugReporterOnCrash: 0, Is64bit: 1, IsPro: 0

 COMMAND LINE ARGUMENTS:
C:\Users\kenne\Desktop\2021.1.7f1\Editor\Unity.exe
-adb2
-batchMode
-noUpm
-name
AssetImportWorker0
-projectPath
C:/Users/kenne/Desktop/GameDevLabs/RigidbodiesAndColliderLab
-logFile
Logs/AssetImportWorker0.log
-srvPort
60789
Successfully changed project path to: C:/Users/kenne/Desktop/GameDevLabs/RigidbodiesAndColliderLab
C:/Users/kenne/Desktop/GameDevLabs/RigidbodiesAndColliderLab
Using Asset Import Pipeline V2.
Refreshing native plugins compatible for Editor in 55.44 ms, found 0 plugins.
Preloading 0 native plugins for Editor in 0.00 ms.
Initialize engine version: 2021.1.7f1 (d91830b65d9b)
[Subsystems] Discovering subsystems at path C:/Users/kenne/Desktop/2021.1.7f1/Editor/Data/Resources/UnitySubsystems
[Subsystems] Discovering subsystems at path C:/Users/kenne/Desktop/GameDevLabs/RigidbodiesAndColliderLab/Assets
GfxDevice: creating device client; threaded=0; jobified=0
Direct3D:
    Version:  Direct3D 11.0 [level 11.1]
    Renderer: NVIDIA GeForce GTX 1660 Ti (ID=0x2182)
    Vendor:   NVIDIA
    VRAM:     5991 MB
    Driver:   27.21.14.5671
Initialize mono
Mono path[0] = 'C:/Users/kenne/Desktop/2021.1.7f1/Editor/Data/Managed'
Mono path[1] = 'C:/Users/kenne/Desktop/2021.1.7f1/Editor/Data/MonoBleedingEdge/lib/mono/unityjit'
Mono config path = 'C:/Users/kenne/Desktop/2021.1.7f1/Editor/Data/MonoBleedingEdge/etc'
Using monoOptions --debugger-agent=transport=dt_socket,embedding=1,server=y,suspend=n,address=127.0.0.1:56924
Begin MonoManager ReloadAssembly
Registering precompiled unity dll's ...
Register platform support module: C:/Users/kenne/Desktop/2021.1.7f1/Editor/Data/PlaybackEngines/WebGLSupport/UnityEditor.WebGL.Extensions.dll
Register platform support module: C:/Users/kenne/Desktop/2021.1.7f1/Editor/Data/PlaybackEngines/WindowsStandaloneSupport/UnityEditor.WindowsStandalone.Extensions.dll
Registered in 0.002495 seconds.
Native extension for WindowsStandalone target not found
Native extension for WebGL target not found
Refreshing native plugins compatible for Editor in 47.12 ms, found 0 plugins.
Preloading 0 native plugins for Editor in 0.00 ms.
Mono: successfully reloaded assembly
- Completed reload, in  1.916 seconds
Platform modules already initialized, skipping
Registering precompiled user dll's ...
Registered in 0.004706 seconds.
Begin MonoManager ReloadAssembly
Native extension for WindowsStandalone target not found
Native extension for WebGL target not found
Refreshing native plugins compatible for Editor in 1.04 ms, found 0 plugins.
Preloading 0 native plugins for Editor in 0.00 ms.
Mono: successfully reloaded assembly
- Completed reload, in  1.188 seconds
Platform modules already initialized, skipping
========================================================================
Worker process is ready to serve import requests
Launched and connected shader compiler UnityShaderCompiler.exe after 0.05 seconds
Refreshing native plugins compatible for Editor in 0.66 ms, found 0 plugins.
Preloading 0 native plugins for Editor in 0.00 ms.
Unloading 1813 Unused Serialized files (Serialized files now loaded: 0)
System memory in use before: 78.3 MB.
System memory in use after: 78.4 MB.

Unloading 53 unused Assets to reduce memory usage. Loaded Objects now: 2236.
Total: 7.130300 ms (FindLiveObjects: 0.225700 ms CreateObjectMapping: 0.057500 ms MarkObjects: 6.733200 ms  DeleteObjects: 0.111300 ms)

========================================================================
Received Import Request.
  path: Assets/Scripts/Collider
  artifactKey: Guid(edff487cf78d8db429d296070cadf0de) Importer(815301076,1909f56bfc062723c751e8b465ee728b)
Start importing Assets/Scripts/Collider using Guid(edff487cf78d8db429d296070cadf0de) Importer(815301076,1909f56bfc062723c751e8b465ee728b)  -> (artifact id: 'e9e1ec2356f08e292d1862bc46a0c1ee') in 0.009806 seconds 
========================================================================
Received Import Request.
  Time since last request: 0.000334 seconds.
  path: Assets/Scripts/Collider/FeetColliderScript.cs
  artifactKey: Guid(ca89c7801c7644bf88e8841f2f124a3b) Importer(815301076,1909f56bfc062723c751e8b465ee728b)
Start importing Assets/Scripts/Collider/FeetColliderScript.cs using Guid(ca89c7801c7644bf88e8841f2f124a3b) Importer(815301076,1909f56bfc062723c751e8b465ee728b)  -> (artifact id: 'cf0f0a04ebfccab4ed7e448c9bbbdfb0') in 0.039300 seconds 
AssetImportWorkerClient::OnTransportError - code=2 error=End of file
